<?xml version="1.0" encoding="UTF-8"?>
<!-- Generated by org.testng.reporters.JUnitXMLReporter -->
<testsuite hostname="DESKTOP-F8THS86" ignored="0" name="Test1" tests="1" failures="1" timestamp="25 Dec 2019 09:24:26 GMT" time="0.139" errors="0">
  <testcase name="@BeforeTest setup" time="0.0" classname="com.mercury.tours.Cross_Browser_ex">
    <failure type="java.lang.IllegalStateException" message="The driver executable does not exist: C:\Users\user1\Desktop\khushboo\Mecury_Tour_Maven\geckodriver.exe">
      <![CDATA[java.lang.IllegalStateException: The driver executable does not exist: C:\Users\user1\Desktop\khushboo\Mecury_Tour_Maven\geckodriver.exe
	at com.google.common.base.Preconditions.checkState(Preconditions.java:585)
	at org.openqa.selenium.remote.service.DriverService.checkExecutable(DriverService.java:146)
	at org.openqa.selenium.remote.service.DriverService.findExecutable(DriverService.java:141)
	at org.openqa.selenium.firefox.GeckoDriverService.access$100(GeckoDriverService.java:44)
	at org.openqa.selenium.firefox.GeckoDriverService$Builder.findDefaultExecutable(GeckoDriverService.java:167)
	at org.openqa.selenium.remote.service.DriverService$Builder.build(DriverService.java:355)
	at org.openqa.selenium.firefox.FirefoxDriver.toExecutor(FirefoxDriver.java:190)
	at org.openqa.selenium.firefox.FirefoxDriver.<init>(FirefoxDriver.java:147)
	at org.openqa.selenium.firefox.FirefoxDriver.<init>(FirefoxDriver.java:125)
	at com.mercury.tours.Cross_Browser_ex.setup(Cross_Browser_ex.java:32)
... Removed 23 stack frames]]>
    </failure>
  </testcase> <!-- @BeforeTest setup -->
  <testcase name="@AfterTest afterTest" time="0.0" classname="com.mercury.tours.Cross_Browser_ex">
    <skipped/>
  </testcase> <!-- @AfterTest afterTest -->
  <testcase name="Login" time="0.0" classname="com.mercury.tours.Cross_Browser_ex">
    <failure type="org.testng.TestNGException" message="
Parameter &amp;apos;uname&amp;apos; is required by @Test on method Login but has not been marked @Optional or defined
in C:\Users\user1\Desktop\khushboo\Mecury_Tour_Maven\src\test\java\com\mercury\tours\CrossBrowser.xml">
      <![CDATA[org.testng.TestNGException: 
Parameter 'uname' is required by @Test on method Login but has not been marked @Optional or defined
in C:\Users\user1\Desktop\khushboo\Mecury_Tour_Maven\src\test\java\com\mercury\tours\CrossBrowser.xml
... Removed 23 stack frames]]>
    </failure>
  </testcase> <!-- Login -->
</testsuite> <!-- Test1 -->
