<?xml version="1.0" encoding="UTF-8"?>
<!-- Generated by org.testng.reporters.JUnitXMLReporter -->
<testsuite hostname="DESKTOP-F8THS86" ignored="0" name="Test1" tests="3" failures="0" timestamp="25 Dec 2019 09:42:34 GMT" time="0.269" errors="0">
  <testcase name="@BeforeTest Sign_On" time="0.0" classname="com.mercury.tours.Cross_Browser_ex">
    <failure type="java.lang.IllegalStateException" message="The driver executable does not exist: C:\Users\user1\Desktop\khushboo\Mecury_Tour_Maven\chromedriver.exe">
      <![CDATA[java.lang.IllegalStateException: The driver executable does not exist: C:\Users\user1\Desktop\khushboo\Mecury_Tour_Maven\chromedriver.exe
	at com.google.common.base.Preconditions.checkState(Preconditions.java:585)
	at org.openqa.selenium.remote.service.DriverService.checkExecutable(DriverService.java:146)
	at org.openqa.selenium.remote.service.DriverService.findExecutable(DriverService.java:141)
	at org.openqa.selenium.chrome.ChromeDriverService.access$000(ChromeDriverService.java:35)
	at org.openqa.selenium.chrome.ChromeDriverService$Builder.findDefaultExecutable(ChromeDriverService.java:159)
	at org.openqa.selenium.remote.service.DriverService$Builder.build(DriverService.java:355)
	at org.openqa.selenium.chrome.ChromeDriverService.createDefaultService(ChromeDriverService.java:94)
	at org.openqa.selenium.chrome.ChromeDriver.<init>(ChromeDriver.java:123)
	at com.mercury.tours.Cross_Browser_ex.Sign_On(Cross_Browser_ex.java:43)
	at java.util.concurrent.FutureTask.run(Unknown Source)
	at java.util.concurrent.ThreadPoolExecutor.runWorker(Unknown Source)
	at java.util.concurrent.ThreadPoolExecutor$Worker.run(Unknown Source)
	at java.lang.Thread.run(Unknown Source)
... Removed 14 stack frames]]>
    </failure>
  </testcase> <!-- @BeforeTest Sign_On -->
  <testcase name="@AfterTest afterTest" time="0.0" classname="com.mercury.tours.Cross_Browser_ex">
    <skipped/>
  </testcase> <!-- @AfterTest afterTest -->
  <testcase name="Login" time="0.002" classname="com.mercury.tours.Cross_Browser_ex">
    <skipped/>
  </testcase> <!-- Login -->
  <testcase name="Login" time="0.003" classname="com.mercury.tours.Cross_Browser_ex">
    <skipped/>
  </testcase> <!-- Login -->
  <testcase name="Login" time="0.003" classname="com.mercury.tours.Cross_Browser_ex">
    <skipped/>
  </testcase> <!-- Login -->
</testsuite> <!-- Test1 -->
